<?xml version="1.0" encoding="UTF-8"?>
<!-- Generated by org.testng.reporters.JUnitReportReporter -->
<testsuite hostname="DESKTOP-OM8VAPG" failures="0" tests="1" name="com.inetBanking.testCases.TC_LoginTest_001" time="1.815" errors="0" timestamp="2022-01-11T12:19:59 AEDT" skipped="0">
  <testcase classname="com.inetBanking.testCases.TC_LoginTest_001" name="loginTest" time="1.815"/>
  <system-out/>
</testsuite> <!-- com.inetBanking.testCases.TC_LoginTest_001 -->
