<?xml version="1.0" encoding="UTF-8"?>
<!-- Generated by org.testng.reporters.JUnitReportReporter -->
<testsuite skipped="0" hostname="DESKTOP-OM8VAPG" name="com.inetBanking.testCases.TC_LoginTest_001" tests="1" failures="0" timestamp="2022-01-12T15:38:31 AEDT" time="3.472" errors="0">
  <testcase name="loginTest" time="3.472" classname="com.inetBanking.testCases.TC_LoginTest_001"/>
  <system-out/>
</testsuite> <!-- com.inetBanking.testCases.TC_LoginTest_001 -->
